+ '[' -x /usr/bin/id ']'
+ '[' -z 1000 ']'
++ /usr/bin/id -un
+ USER=bionano
+ LOGNAME=bionano
+ MAIL=/var/spool/mail/bionano
+ '[' 1000 = 0 ']'
+ pathmunge /usr/local/sbin after
+ case ":${PATH}:" in
+ pathmunge /usr/sbin after
+ case ":${PATH}:" in
++ /usr/bin/hostname
+ HOSTNAME=srvfeia0ca.vsb.cz
+ HISTSIZE=1000
+ '[' ignoredups = ignorespace ']'
+ export HISTCONTROL=ignoredups
+ HISTCONTROL=ignoredups
+ export PATH USER LOGNAME MAIL HOSTNAME HISTSIZE HISTCONTROL
+ '[' 1000 -gt 199 ']'
++ /usr/bin/id -gn
++ /usr/bin/id -un
+ '[' bionano = bionano ']'
+ umask 002
+ for i in '/etc/profile.d/*.sh' /etc/profile.d/sh.local
+ '[' -r /etc/profile.d/256term.sh ']'
+ '[' hxB '!=' hxB ']'
+ . /etc/profile.d/256term.sh
++ local256=
++ '[' -n '' ']'
++ '[' -n '' ']'
++ unset local256
+ for i in '/etc/profile.d/*.sh' /etc/profile.d/sh.local
+ '[' -r /etc/profile.d/abrt-console-notification.sh ']'
+ '[' hxB '!=' hxB ']'
+ . /etc/profile.d/abrt-console-notification.sh
++ tty -s
++ return 0
+ for i in '/etc/profile.d/*.sh' /etc/profile.d/sh.local
+ '[' -r /etc/profile.d/bash_completion.sh ']'
+ '[' hxB '!=' hxB ']'
+ . /etc/profile.d/bash_completion.sh
++ '[' -z '4.2.46(2)-release' -o -z '' -o -n '' ']'
++ return
+ for i in '/etc/profile.d/*.sh' /etc/profile.d/sh.local
+ '[' -r /etc/profile.d/bionano.sh ']'
+ '[' hxB '!=' hxB ']'
+ . /etc/profile.d/bionano.sh
++ source /opt/sge/default/common/settings.sh
+++ SGE_ROOT=/opt/sge
+++ export SGE_ROOT
+++ '[' -x /opt/sge/util/arch ']'
++++ /opt/sge/util/arch
+++ SGE_ARCH=lx-amd64
+++ export SGE_ARCH
++++ /opt/sge/util/arch -m
+++ DEFAULTMANPATH=/opt/sge/man:/usr/share/man/overrides:/usr/share/man:/usr/local/share/man
++++ /opt/sge/util/arch -mt
+++ MANTYPE=man
+++ DRMAA_LIBRARY_PATH=/opt/sge/lib//libdrmaa.so
+++ SGE_CELL=default
+++ export SGE_CELL
+++ SGE_CLUSTER_NAME=p6444
+++ export SGE_CLUSTER_NAME
+++ unset SGE_QMASTER_PORT
+++ unset SGE_EXECD_PORT
+++ '[' -d /opt/sge/man ']'
+++ '[' /opt/sge/man:/usr/share/man/overrides:/usr/share/man:/usr/local/share/man = '' ']'
+++ MANPATH=/opt/sge/man:/opt/sge/man:/usr/share/man/overrides:/usr/share/man:/usr/local/share/man
+++ export MANPATH
+++ PATH=/opt/sge/bin:/opt/sge/bin/lx-amd64:/usr/lib64/qt-3.3/bin:/opt/sge/bin:/opt/sge/bin/lx-amd64:/tmp/24003.1.pipeline:/usr/local/bin:/bin:/usr/bin:/usr/local/sbin:/usr/sbin
+++ export PATH
+++ '[' -d /opt/sge/lib/lx-amd64 ']'
+++ case $SGE_ARCH in
+++ unset DEFAULTMANPATH MANTYPE
++ export DRMAA_LIBRARY_PATH=/opt/sge/lib/lx-amd64/libdrmaa.so.1.0
++ DRMAA_LIBRARY_PATH=/opt/sge/lib/lx-amd64/libdrmaa.so.1.0
++ export LD_LIBRARY_PATH=/opt/sge/lib/lx-amd64//opt/sge/lib/lx-amd64/
++ LD_LIBRARY_PATH=/opt/sge/lib/lx-amd64//opt/sge/lib/lx-amd64/
+ for i in '/etc/profile.d/*.sh' /etc/profile.d/sh.local
+ '[' -r /etc/profile.d/colorgrep.sh ']'
+ '[' hxB '!=' hxB ']'
+ . /etc/profile.d/colorgrep.sh
++ /usr/libexec/grepconf.sh -c
++ alias 'grep=grep --color=auto'
++ alias 'egrep=egrep --color=auto'
++ alias 'fgrep=fgrep --color=auto'
+ for i in '/etc/profile.d/*.sh' /etc/profile.d/sh.local
+ '[' -r /etc/profile.d/colorls.sh ']'
+ '[' hxB '!=' hxB ']'
+ . /etc/profile.d/colorls.sh
++ '[' '!' -t 0 ']'
++ return
+ for i in '/etc/profile.d/*.sh' /etc/profile.d/sh.local
+ '[' -r /etc/profile.d/flatpak.sh ']'
+ '[' hxB '!=' hxB ']'
+ . /etc/profile.d/flatpak.sh
++ '[' /exports/share:/var/lib/flatpak/exports/share:/usr/local/share:/usr/share = /home/bionano/.local/share/flatpak/exports/share:/var/lib/flatpak/exports/share:/usr/local/share:/usr/share ']'
++ export XDG_DATA_DIRS
+ for i in '/etc/profile.d/*.sh' /etc/profile.d/sh.local
+ '[' -r /etc/profile.d/lang.sh ']'
+ '[' hxB '!=' hxB ']'
+ . /etc/profile.d/lang.sh
++ sourced=0
++ '[' -n en_US.UTF-8 ']'
++ saved_lang=en_US.UTF-8
++ '[' -f /home/bionano/.i18n ']'
++ LANG=en_US.UTF-8
++ unset saved_lang
++ '[' 0 = 1 ']'
++ unset sourced
++ unset langfile
+ for i in '/etc/profile.d/*.sh' /etc/profile.d/sh.local
+ '[' -r /etc/profile.d/less.sh ']'
+ '[' hxB '!=' hxB ']'
+ . /etc/profile.d/less.sh
++ '[' -x /usr/bin/lesspipe.sh ']'
++ export 'LESSOPEN=||/usr/bin/lesspipe.sh %s'
++ LESSOPEN='||/usr/bin/lesspipe.sh %s'
+ for i in '/etc/profile.d/*.sh' /etc/profile.d/sh.local
+ '[' -r /etc/profile.d/mc.sh ']'
+ '[' hxB '!=' hxB ']'
+ . /etc/profile.d/mc.sh
++ '[' -n '4.2.46(2)-release' ']'
++ alias 'mc=. /usr/libexec/mc/mc-wrapper.sh'
+ for i in '/etc/profile.d/*.sh' /etc/profile.d/sh.local
+ '[' -r /etc/profile.d/PackageKit.sh ']'
+ '[' hxB '!=' hxB ']'
+ . /etc/profile.d/PackageKit.sh
++ [[ -n '' ]]
+ for i in '/etc/profile.d/*.sh' /etc/profile.d/sh.local
+ '[' -r /etc/profile.d/qt-graphicssystem.sh ']'
+ '[' hxB '!=' hxB ']'
+ . /etc/profile.d/qt-graphicssystem.sh
++ '[' -z 1 -a -z '' ']'
+ for i in '/etc/profile.d/*.sh' /etc/profile.d/sh.local
+ '[' -r /etc/profile.d/qt.sh ']'
+ '[' hxB '!=' hxB ']'
+ . /etc/profile.d/qt.sh
++ '[' -z /usr/lib64/qt-3.3 ']'
+ for i in '/etc/profile.d/*.sh' /etc/profile.d/sh.local
+ '[' -r /etc/profile.d/vim.sh ']'
+ '[' hxB '!=' hxB ']'
+ . /etc/profile.d/vim.sh
++ '[' -n '4.2.46(2)-release' -o -n '' -o -n '' ']'
++ '[' -x /usr/bin/id ']'
+++ /usr/bin/id -u
++ ID=1000
++ '[' -n 1000 -a 1000 -le 200 ']'
++ alias vi
++ alias vi=vim
+ for i in '/etc/profile.d/*.sh' /etc/profile.d/sh.local
+ '[' -r /etc/profile.d/vte.sh ']'
+ '[' hxB '!=' hxB ']'
+ . /etc/profile.d/vte.sh
++ '[' -n '4.2.46(2)-release' -o -n '' ']'
++ [[ hxB == *i* ]]
++ return 0
+ for i in '/etc/profile.d/*.sh' /etc/profile.d/sh.local
+ '[' -r /etc/profile.d/which2.sh ']'
+ '[' hxB '!=' hxB ']'
+ . /etc/profile.d/which2.sh
++ alias 'which=alias | /usr/bin/which --tty-only --read-alias --show-dot --show-tilde'
+ for i in '/etc/profile.d/*.sh' /etc/profile.d/sh.local
+ '[' -r /etc/profile.d/sh.local ']'
+ '[' hxB '!=' hxB ']'
+ . /etc/profile.d/sh.local
+ unset i
+ unset -f pathmunge
+ '[' -f /home/bionano/.bashrc ']'
+ . /home/bionano/.bashrc
++ '[' -f /etc/bashrc ']'
++ . /etc/bashrc
+++ '[' '' ']'
+++ shopt -q login_shell
++ export NVM_DIR=/home/bionano/.nvm
++ NVM_DIR=/home/bionano/.nvm
++ '[' -s /home/bionano/.nvm/nvm.sh ']'
++ . /home/bionano/.nvm/nvm.sh
+++ NVM_SCRIPT_SOURCE=']'
+++ '[' -z '' ']'
+++ export NVM_CD_FLAGS=
+++ NVM_CD_FLAGS=
+++ nvm_has unsetopt
+++ type unsetopt
+++ '[' -z /home/bionano/.nvm ']'
+++ unset NVM_SCRIPT_SOURCE
+++ '[' -z '' ']'
+++ export NVM_NODEJS_ORG_MIRROR=https://nodejs.org/dist
+++ NVM_NODEJS_ORG_MIRROR=https://nodejs.org/dist
+++ '[' -z '' ']'
+++ export NVM_IOJS_ORG_MIRROR=https://iojs.org/dist
+++ NVM_IOJS_ORG_MIRROR=https://iojs.org/dist
+++ nvm_process_parameters
+++ local NVM_AUTO_MODE
+++ NVM_AUTO_MODE=use
+++ nvm_supports_source_options
++++ echo '[ $# -gt 0 ] && echo $1'
++++ . /dev/stdin yes
+++ '[' _yes = _yes ']'
+++ '[' 0 -ne 0 ']'
+++ nvm_auto use
+++ local NVM_MODE
+++ NVM_MODE=use
+++ local VERSION
+++ '[' _use = _install ']'
+++ '[' _use = _use ']'
++++ nvm_resolve_local_alias default
+++ VERSION=v8.9.4
+++ '[' -n v8.9.4 ']'
+++ nvm use --silent v8.9.4
+++ '[' 3 -lt 1 ']'
+++ local COMMAND
+++ COMMAND=use
+++ shift
+++ local VERSION
+++ local ADDITIONAL_PARAMETERS
+++ case $COMMAND in
+++ local PROVIDED_VERSION
+++ local NVM_USE_SILENT
+++ NVM_USE_SILENT=0
+++ local NVM_DELETE_PREFIX
+++ NVM_DELETE_PREFIX=0
+++ local NVM_LTS
+++ '[' 2 -ne 0 ']'
+++ case "$1" in
+++ NVM_USE_SILENT=1
+++ shift
+++ '[' 1 -ne 0 ']'
+++ case "$1" in
+++ '[' -n v8.9.4 ']'
+++ PROVIDED_VERSION=v8.9.4
+++ shift
+++ '[' 0 -ne 0 ']'
+++ '[' -n '' ']'
+++ '[' -z v8.9.4 ']'
++++ nvm_match_version v8.9.4
++++ local NVM_IOJS_PREFIX
+++++ nvm_iojs_prefix
+++++ nvm_echo iojs
+++++ command printf '%s\n' iojs
++++ NVM_IOJS_PREFIX=iojs
++++ local PROVIDED_VERSION
++++ PROVIDED_VERSION=v8.9.4
++++ case "_$PROVIDED_VERSION" in
++++ nvm_version v8.9.4
++++ local PATTERN
++++ PATTERN=v8.9.4
++++ local VERSION
++++ '[' -z v8.9.4 ']'
++++ '[' v8.9.4 = current ']'
++++ local NVM_NODE_PREFIX
+++++ nvm_node_prefix
+++++ nvm_echo node
+++++ command printf '%s\n' node
++++ NVM_NODE_PREFIX=node
++++ case "_${PATTERN}" in
+++++ nvm_ls v8.9.4
+++++ command tail -1
+++++ tail -1
+++++ local PATTERN
+++++ PATTERN=v8.9.4
+++++ local VERSIONS
+++++ VERSIONS=
+++++ '[' v8.9.4 = current ']'
+++++ local NVM_IOJS_PREFIX
++++++ nvm_iojs_prefix
++++++ nvm_echo iojs
++++++ command printf '%s\n' iojs
+++++ NVM_IOJS_PREFIX=iojs
+++++ local NVM_NODE_PREFIX
++++++ nvm_node_prefix
++++++ nvm_echo node
++++++ command printf '%s\n' node
+++++ NVM_NODE_PREFIX=node
+++++ local NVM_VERSION_DIR_IOJS
++++++ nvm_version_dir iojs
++++++ local NVM_WHICH_DIR
++++++ NVM_WHICH_DIR=iojs
++++++ '[' -z iojs ']'
++++++ '[' iojs = new ']'
++++++ '[' _iojs = _iojs ']'
++++++ nvm_echo /home/bionano/.nvm/versions/io.js
++++++ command printf '%s\n' /home/bionano/.nvm/versions/io.js
+++++ NVM_VERSION_DIR_IOJS=/home/bionano/.nvm/versions/io.js
+++++ local NVM_VERSION_DIR_NEW
++++++ nvm_version_dir new
++++++ local NVM_WHICH_DIR
++++++ NVM_WHICH_DIR=new
++++++ '[' -z new ']'
++++++ '[' new = new ']'
++++++ nvm_echo /home/bionano/.nvm/versions/node
++++++ command printf '%s\n' /home/bionano/.nvm/versions/node
+++++ NVM_VERSION_DIR_NEW=/home/bionano/.nvm/versions/node
+++++ local NVM_VERSION_DIR_OLD
++++++ nvm_version_dir old
++++++ local NVM_WHICH_DIR
++++++ NVM_WHICH_DIR=old
++++++ '[' -z old ']'
++++++ '[' old = new ']'
++++++ '[' _old = _iojs ']'
++++++ '[' _old = _old ']'
++++++ nvm_echo /home/bionano/.nvm
++++++ command printf '%s\n' /home/bionano/.nvm
+++++ NVM_VERSION_DIR_OLD=/home/bionano/.nvm
+++++ case "${PATTERN}" in
+++++ nvm_resolve_local_alias v8.9.4
+++++ '[' -z v8.9.4 ']'
+++++ local VERSION
+++++ local EXIT_CODE
++++++ nvm_resolve_alias v8.9.4
++++++ '[' -z v8.9.4 ']'
++++++ local PATTERN
++++++ PATTERN=v8.9.4
++++++ local ALIAS
++++++ ALIAS=v8.9.4
++++++ local ALIAS_TEMP
++++++ local SEEN_ALIASES
++++++ SEEN_ALIASES=v8.9.4
++++++ true
+++++++ nvm_alias v8.9.4
+++++++ echo
++++++ ALIAS_TEMP=
++++++ '[' -z '' ']'
++++++ break
++++++ '[' -n v8.9.4 ']'
++++++ '[' _v8.9.4 '!=' _v8.9.4 ']'
++++++ nvm_validate_implicit_alias v8.9.4
++++++ return 2
+++++ VERSION=
+++++ EXIT_CODE=2
+++++ '[' -z '' ']'
+++++ return 2
++++++ nvm_ensure_version_prefix v8.9.4
++++++ local NVM_VERSION
+++++++ nvm_strip_iojs_prefix v8.9.4
+++++++ local NVM_IOJS_PREFIX
+++++++ command sed -e 's/^\([0-9]\)/v\1/g'
+++++++ sed -e 's/^\([0-9]\)/v\1/g'
++++++++ nvm_iojs_prefix
++++++++ nvm_echo iojs
++++++++ command printf '%s\n' iojs
+++++++ NVM_IOJS_PREFIX=iojs
+++++++ '[' v8.9.4 = iojs ']'
+++++++ nvm_echo v8.9.4
+++++++ command printf '%s\n' v8.9.4
++++++ NVM_VERSION=v8.9.4
++++++ nvm_is_iojs_version v8.9.4
++++++ case "${1-}" in
++++++ return 1
++++++ nvm_echo v8.9.4
++++++ command printf '%s\n' v8.9.4
+++++ PATTERN=v8.9.4
+++++ '[' v8.9.4 = N/A ']'
+++++ local NVM_PATTERN_STARTS_WITH_V
+++++ case $PATTERN in
+++++ NVM_PATTERN_STARTS_WITH_V=true
+++++ '[' true = true ']'
++++++ nvm_num_version_groups v8.9.4
++++++ local VERSION
++++++ VERSION=v8.9.4
++++++ VERSION=8.9.4
++++++ VERSION=8.9.4
++++++ '[' -z 8.9.4 ']'
++++++ local NVM_NUM_DOTS
+++++++ nvm_echo 8.9.4
+++++++ command sed -e 's/[^\.]//g'
+++++++ command printf '%s\n' 8.9.4
+++++++ sed -e 's/[^\.]//g'
++++++ NVM_NUM_DOTS=..
++++++ local NVM_NUM_GROUPS
++++++ NVM_NUM_GROUPS=...
++++++ nvm_echo 3
++++++ command printf '%s\n' 3
+++++ '[' _3 = _3 ']'
+++++ nvm_is_version_installed v8.9.4
+++++ '[' -n v8.9.4 ']'
++++++ nvm_version_path v8.9.4
+++++ '[' -d /home/bionano/.nvm/versions/node/v8.9.4 ']'
+++++ VERSIONS=v8.9.4
+++++ '[' '' = true ']'
+++++ '[' -z v8.9.4 ']'
+++++ nvm_echo v8.9.4
+++++ command printf '%s\n' v8.9.4
++++ VERSION=v8.9.4
++++ '[' -z v8.9.4 ']'
++++ '[' _v8.9.4 = _N/A ']'
++++ nvm_echo v8.9.4
++++ command printf '%s\n' v8.9.4
+++ VERSION=v8.9.4
+++ '[' -z v8.9.4 ']'
+++ '[' _v8.9.4 = _system ']'
+++ '[' _v8.9.4 = _∞ ']'
+++ nvm_ensure_version_installed v8.9.4
+++ local PROVIDED_VERSION
+++ PROVIDED_VERSION=v8.9.4
+++ local LOCAL_VERSION
+++ local EXIT_CODE
++++ nvm_version v8.9.4
++++ local PATTERN
++++ PATTERN=v8.9.4
++++ local VERSION
++++ '[' -z v8.9.4 ']'
++++ '[' v8.9.4 = current ']'
++++ local NVM_NODE_PREFIX
+++++ nvm_node_prefix
+++++ nvm_echo node
+++++ command printf '%s\n' node
++++ NVM_NODE_PREFIX=node
++++ case "_${PATTERN}" in
+++++ nvm_ls v8.9.4
+++++ command tail -1
+++++ local PATTERN
+++++ tail -1
+++++ PATTERN=v8.9.4
+++++ local VERSIONS
+++++ VERSIONS=
+++++ '[' v8.9.4 = current ']'
+++++ local NVM_IOJS_PREFIX
++++++ nvm_iojs_prefix
++++++ nvm_echo iojs
++++++ command printf '%s\n' iojs
+++++ NVM_IOJS_PREFIX=iojs
+++++ local NVM_NODE_PREFIX
++++++ nvm_node_prefix
++++++ nvm_echo node
++++++ command printf '%s\n' node
+++++ NVM_NODE_PREFIX=node
+++++ local NVM_VERSION_DIR_IOJS
++++++ nvm_version_dir iojs
++++++ local NVM_WHICH_DIR
++++++ NVM_WHICH_DIR=iojs
++++++ '[' -z iojs ']'
++++++ '[' iojs = new ']'
++++++ '[' _iojs = _iojs ']'
++++++ nvm_echo /home/bionano/.nvm/versions/io.js
++++++ command printf '%s\n' /home/bionano/.nvm/versions/io.js
+++++ NVM_VERSION_DIR_IOJS=/home/bionano/.nvm/versions/io.js
+++++ local NVM_VERSION_DIR_NEW
++++++ nvm_version_dir new
++++++ local NVM_WHICH_DIR
++++++ NVM_WHICH_DIR=new
++++++ '[' -z new ']'
++++++ '[' new = new ']'
++++++ nvm_echo /home/bionano/.nvm/versions/node
++++++ command printf '%s\n' /home/bionano/.nvm/versions/node
+++++ NVM_VERSION_DIR_NEW=/home/bionano/.nvm/versions/node
+++++ local NVM_VERSION_DIR_OLD
++++++ nvm_version_dir old
++++++ local NVM_WHICH_DIR
++++++ NVM_WHICH_DIR=old
++++++ '[' -z old ']'
++++++ '[' old = new ']'
++++++ '[' _old = _iojs ']'
++++++ '[' _old = _old ']'
++++++ nvm_echo /home/bionano/.nvm
++++++ command printf '%s\n' /home/bionano/.nvm
+++++ NVM_VERSION_DIR_OLD=/home/bionano/.nvm
+++++ case "${PATTERN}" in
+++++ nvm_resolve_local_alias v8.9.4
+++++ '[' -z v8.9.4 ']'
+++++ local VERSION
+++++ local EXIT_CODE
++++++ nvm_resolve_alias v8.9.4
++++++ '[' -z v8.9.4 ']'
++++++ local PATTERN
++++++ PATTERN=v8.9.4
++++++ local ALIAS
++++++ ALIAS=v8.9.4
++++++ local ALIAS_TEMP
++++++ local SEEN_ALIASES
++++++ SEEN_ALIASES=v8.9.4
++++++ true
+++++++ nvm_alias v8.9.4
+++++++ echo
++++++ ALIAS_TEMP=
++++++ '[' -z '' ']'
++++++ break
++++++ '[' -n v8.9.4 ']'
++++++ '[' _v8.9.4 '!=' _v8.9.4 ']'
++++++ nvm_validate_implicit_alias v8.9.4
++++++ return 2
+++++ VERSION=
+++++ EXIT_CODE=2
+++++ '[' -z '' ']'
+++++ return 2
++++++ nvm_ensure_version_prefix v8.9.4
++++++ local NVM_VERSION
+++++++ nvm_strip_iojs_prefix v8.9.4
+++++++ local NVM_IOJS_PREFIX
+++++++ command sed -e 's/^\([0-9]\)/v\1/g'
+++++++ sed -e 's/^\([0-9]\)/v\1/g'
++++++++ nvm_iojs_prefix
++++++++ nvm_echo iojs
++++++++ command printf '%s\n' iojs
+++++++ NVM_IOJS_PREFIX=iojs
+++++++ '[' v8.9.4 = iojs ']'
+++++++ nvm_echo v8.9.4
+++++++ command printf '%s\n' v8.9.4
++++++ NVM_VERSION=v8.9.4
++++++ nvm_is_iojs_version v8.9.4
++++++ case "${1-}" in
++++++ return 1
++++++ nvm_echo v8.9.4
++++++ command printf '%s\n' v8.9.4
+++++ PATTERN=v8.9.4
+++++ '[' v8.9.4 = N/A ']'
+++++ local NVM_PATTERN_STARTS_WITH_V
+++++ case $PATTERN in
+++++ NVM_PATTERN_STARTS_WITH_V=true
+++++ '[' true = true ']'
++++++ nvm_num_version_groups v8.9.4
++++++ local VERSION
++++++ VERSION=v8.9.4
++++++ VERSION=8.9.4
++++++ VERSION=8.9.4
++++++ '[' -z 8.9.4 ']'
++++++ local NVM_NUM_DOTS
+++++++ nvm_echo 8.9.4
+++++++ command printf '%s\n' 8.9.4
+++++++ command sed -e 's/[^\.]//g'
+++++++ sed -e 's/[^\.]//g'
++++++ NVM_NUM_DOTS=..
++++++ local NVM_NUM_GROUPS
++++++ NVM_NUM_GROUPS=...
++++++ nvm_echo 3
++++++ command printf '%s\n' 3
+++++ '[' _3 = _3 ']'
+++++ nvm_is_version_installed v8.9.4
+++++ '[' -n v8.9.4 ']'
++++++ nvm_version_path v8.9.4
+++++ '[' -d /home/bionano/.nvm/versions/node/v8.9.4 ']'
+++++ VERSIONS=v8.9.4
+++++ '[' '' = true ']'
+++++ '[' -z v8.9.4 ']'
+++++ nvm_echo v8.9.4
+++++ command printf '%s\n' v8.9.4
++++ VERSION=v8.9.4
++++ '[' -z v8.9.4 ']'
++++ '[' _v8.9.4 = _N/A ']'
++++ nvm_echo v8.9.4
++++ command printf '%s\n' v8.9.4
+++ LOCAL_VERSION=v8.9.4
+++ EXIT_CODE=0
+++ local NVM_VERSION_DIR
+++ '[' 0 '!=' 0 ']'
+++ nvm_is_version_installed v8.9.4
+++ '[' -n v8.9.4 ']'
++++ nvm_version_path v8.9.4
+++ '[' -d /home/bionano/.nvm/versions/node/v8.9.4 ']'
+++ local NVM_VERSION_DIR
++++ nvm_version_path v8.9.4
++++ local VERSION
++++ VERSION=v8.9.4
++++ '[' -z v8.9.4 ']'
++++ nvm_is_iojs_version v8.9.4
++++ case "${1-}" in
++++ return 1
++++ nvm_version_greater 0.12.0 v8.9.4
++++ command awk 'BEGIN {
    if (ARGV[1] == "" || ARGV[2] == "") exit(1)
    split(ARGV[1], a, /\./);
    split(ARGV[2], b, /\./);
    for (i=1; i<=3; i++) {
      if (a[i] && a[i] !~ /^[0-9]+$/) exit(2);
      if (b[i] && b[i] !~ /^[0-9]+$/) { exit(0); }
      if (a[i] < b[i]) exit(3);
      else if (a[i] > b[i]) exit(0);
    }
    exit(4)
  }' 0.12.0 8.9.4
++++ awk 'BEGIN {
    if (ARGV[1] == "" || ARGV[2] == "") exit(1)
    split(ARGV[1], a, /\./);
    split(ARGV[2], b, /\./);
    for (i=1; i<=3; i++) {
      if (a[i] && a[i] !~ /^[0-9]+$/) exit(2);
      if (b[i] && b[i] !~ /^[0-9]+$/) { exit(0); }
      if (a[i] < b[i]) exit(3);
      else if (a[i] > b[i]) exit(0);
    }
    exit(4)
  }' 0.12.0 8.9.4
+++++ nvm_version_dir new
+++++ local NVM_WHICH_DIR
+++++ NVM_WHICH_DIR=new
+++++ '[' -z new ']'
+++++ '[' new = new ']'
+++++ nvm_echo /home/bionano/.nvm/versions/node
+++++ command printf '%s\n' /home/bionano/.nvm/versions/node
++++ nvm_echo /home/bionano/.nvm/versions/node/v8.9.4
++++ command printf '%s\n' /home/bionano/.nvm/versions/node/v8.9.4
+++ NVM_VERSION_DIR=/home/bionano/.nvm/versions/node/v8.9.4
++++ nvm_strip_path /opt/sge/bin:/opt/sge/bin/lx-amd64:/usr/lib64/qt-3.3/bin:/opt/sge/bin:/opt/sge/bin/lx-amd64:/tmp/24003.1.pipeline:/usr/local/bin:/bin:/usr/bin:/usr/local/sbin:/usr/sbin /bin
++++ '[' -z /home/bionano/.nvm ']'
++++ nvm_echo /opt/sge/bin:/opt/sge/bin/lx-amd64:/usr/lib64/qt-3.3/bin:/opt/sge/bin:/opt/sge/bin/lx-amd64:/tmp/24003.1.pipeline:/usr/local/bin:/bin:/usr/bin:/usr/local/sbin:/usr/sbin
++++ command printf '%s\n' /opt/sge/bin:/opt/sge/bin/lx-amd64:/usr/lib64/qt-3.3/bin:/opt/sge/bin:/opt/sge/bin/lx-amd64:/tmp/24003.1.pipeline:/usr/local/bin:/bin:/usr/bin:/usr/local/sbin:/usr/sbin
++++ command sed -e 's#/home/bionano/.nvm/[^/]*/bin[^:]*:##g' -e 's#:/home/bionano/.nvm/[^/]*/bin[^:]*##g' -e 's#/home/bionano/.nvm/[^/]*/bin[^:]*##g' -e 's#/home/bionano/.nvm/versions/[^/]*/[^/]*/bin[^:]*:##g' -e 's#:/home/bionano/.nvm/versions/[^/]*/[^/]*/bin[^:]*##g' -e 's#/home/bionano/.nvm/versions/[^/]*/[^/]*/bin[^:]*##g'
++++ sed -e 's#/home/bionano/.nvm/[^/]*/bin[^:]*:##g' -e 's#:/home/bionano/.nvm/[^/]*/bin[^:]*##g' -e 's#/home/bionano/.nvm/[^/]*/bin[^:]*##g' -e 's#/home/bionano/.nvm/versions/[^/]*/[^/]*/bin[^:]*:##g' -e 's#:/home/bionano/.nvm/versions/[^/]*/[^/]*/bin[^:]*##g' -e 's#/home/bionano/.nvm/versions/[^/]*/[^/]*/bin[^:]*##g'
+++ PATH=/opt/sge/bin:/opt/sge/bin/lx-amd64:/usr/lib64/qt-3.3/bin:/opt/sge/bin:/opt/sge/bin/lx-amd64:/tmp/24003.1.pipeline:/usr/local/bin:/bin:/usr/bin:/usr/local/sbin:/usr/sbin
++++ nvm_prepend_path /opt/sge/bin:/opt/sge/bin/lx-amd64:/usr/lib64/qt-3.3/bin:/opt/sge/bin:/opt/sge/bin/lx-amd64:/tmp/24003.1.pipeline:/usr/local/bin:/bin:/usr/bin:/usr/local/sbin:/usr/sbin /home/bionano/.nvm/versions/node/v8.9.4/bin
++++ '[' -z /opt/sge/bin:/opt/sge/bin/lx-amd64:/usr/lib64/qt-3.3/bin:/opt/sge/bin:/opt/sge/bin/lx-amd64:/tmp/24003.1.pipeline:/usr/local/bin:/bin:/usr/bin:/usr/local/sbin:/usr/sbin ']'
++++ nvm_echo /home/bionano/.nvm/versions/node/v8.9.4/bin:/opt/sge/bin:/opt/sge/bin/lx-amd64:/usr/lib64/qt-3.3/bin:/opt/sge/bin:/opt/sge/bin/lx-amd64:/tmp/24003.1.pipeline:/usr/local/bin:/bin:/usr/bin:/usr/local/sbin:/usr/sbin
++++ command printf '%s\n' /home/bionano/.nvm/versions/node/v8.9.4/bin:/opt/sge/bin:/opt/sge/bin/lx-amd64:/usr/lib64/qt-3.3/bin:/opt/sge/bin:/opt/sge/bin/lx-amd64:/tmp/24003.1.pipeline:/usr/local/bin:/bin:/usr/bin:/usr/local/sbin:/usr/sbin
+++ PATH=/home/bionano/.nvm/versions/node/v8.9.4/bin:/opt/sge/bin:/opt/sge/bin/lx-amd64:/usr/lib64/qt-3.3/bin:/opt/sge/bin:/opt/sge/bin/lx-amd64:/tmp/24003.1.pipeline:/usr/local/bin:/bin:/usr/bin:/usr/local/sbin:/usr/sbin
+++ nvm_has manpath
+++ type manpath
+++ '[' -z /opt/sge/man:/opt/sge/man:/usr/share/man/overrides:/usr/share/man:/usr/local/share/man ']'
++++ nvm_strip_path /opt/sge/man:/opt/sge/man:/usr/share/man/overrides:/usr/share/man:/usr/local/share/man /share/man
++++ '[' -z /home/bionano/.nvm ']'
++++ nvm_echo /opt/sge/man:/opt/sge/man:/usr/share/man/overrides:/usr/share/man:/usr/local/share/man
++++ command printf '%s\n' /opt/sge/man:/opt/sge/man:/usr/share/man/overrides:/usr/share/man:/usr/local/share/man
++++ command sed -e 's#/home/bionano/.nvm/[^/]*/share/man[^:]*:##g' -e 's#:/home/bionano/.nvm/[^/]*/share/man[^:]*##g' -e 's#/home/bionano/.nvm/[^/]*/share/man[^:]*##g' -e 's#/home/bionano/.nvm/versions/[^/]*/[^/]*/share/man[^:]*:##g' -e 's#:/home/bionano/.nvm/versions/[^/]*/[^/]*/share/man[^:]*##g' -e 's#/home/bionano/.nvm/versions/[^/]*/[^/]*/share/man[^:]*##g'
++++ sed -e 's#/home/bionano/.nvm/[^/]*/share/man[^:]*:##g' -e 's#:/home/bionano/.nvm/[^/]*/share/man[^:]*##g' -e 's#/home/bionano/.nvm/[^/]*/share/man[^:]*##g' -e 's#/home/bionano/.nvm/versions/[^/]*/[^/]*/share/man[^:]*:##g' -e 's#:/home/bionano/.nvm/versions/[^/]*/[^/]*/share/man[^:]*##g' -e 's#/home/bionano/.nvm/versions/[^/]*/[^/]*/share/man[^:]*##g'
+++ MANPATH=/opt/sge/man:/opt/sge/man:/usr/share/man/overrides:/usr/share/man:/usr/local/share/man
++++ nvm_prepend_path /opt/sge/man:/opt/sge/man:/usr/share/man/overrides:/usr/share/man:/usr/local/share/man /home/bionano/.nvm/versions/node/v8.9.4/share/man
++++ '[' -z /opt/sge/man:/opt/sge/man:/usr/share/man/overrides:/usr/share/man:/usr/local/share/man ']'
++++ nvm_echo /home/bionano/.nvm/versions/node/v8.9.4/share/man:/opt/sge/man:/opt/sge/man:/usr/share/man/overrides:/usr/share/man:/usr/local/share/man
++++ command printf '%s\n' /home/bionano/.nvm/versions/node/v8.9.4/share/man:/opt/sge/man:/opt/sge/man:/usr/share/man/overrides:/usr/share/man:/usr/local/share/man
+++ MANPATH=/home/bionano/.nvm/versions/node/v8.9.4/share/man:/opt/sge/man:/opt/sge/man:/usr/share/man/overrides:/usr/share/man:/usr/local/share/man
+++ export MANPATH
+++ export PATH
+++ hash -r
+++ export NVM_PATH=/home/bionano/.nvm/versions/node/v8.9.4/lib/node
+++ NVM_PATH=/home/bionano/.nvm/versions/node/v8.9.4/lib/node
+++ export NVM_BIN=/home/bionano/.nvm/versions/node/v8.9.4/bin
+++ NVM_BIN=/home/bionano/.nvm/versions/node/v8.9.4/bin
+++ '[' '' = true ']'
+++ local NVM_USE_OUTPUT
+++ '[' 1 -ne 1 ']'
+++ '[' _v8.9.4 '!=' _system ']'
+++ local NVM_USE_CMD
+++ NVM_USE_CMD='nvm use --delete-prefix'
+++ '[' -n v8.9.4 ']'
+++ NVM_USE_CMD='nvm use --delete-prefix v8.9.4'
+++ '[' 1 -eq 1 ']'
+++ NVM_USE_CMD='nvm use --delete-prefix v8.9.4 --silent'
+++ nvm_die_on_prefix 0 'nvm use --delete-prefix v8.9.4 --silent'
+++ local NVM_DELETE_PREFIX
+++ NVM_DELETE_PREFIX=0
+++ case "$NVM_DELETE_PREFIX" in
+++ local NVM_COMMAND
+++ NVM_COMMAND='nvm use --delete-prefix v8.9.4 --silent'
+++ '[' -z 'nvm use --delete-prefix v8.9.4 --silent' ']'
+++ '[' -n '' ']'
+++ '[' -n '' ']'
+++ nvm_has npm
+++ type npm
+++ local NVM_NPM_PREFIX
++++ npm config --loglevel=warn get prefix
+++ NVM_NPM_PREFIX=/home/bionano/.nvm/versions/node/v8.9.4
+++ nvm_tree_contains_path /home/bionano/.nvm /home/bionano/.nvm/versions/node/v8.9.4
+++ '[' -n '' ']'
+ PATH=/home/bionano/.nvm/versions/node/v8.9.4/bin:/opt/sge/bin:/opt/sge/bin/lx-amd64:/usr/lib64/qt-3.3/bin:/opt/sge/bin:/opt/sge/bin/lx-amd64:/tmp/24003.1.pipeline:/usr/local/bin:/bin:/usr/bin:/usr/local/sbin:/usr/sbin:/home/bionano/.local/bin:/home/bionano/bin
+ export PATH
+ JSON='{"RCmap":"","jobpk":116,"objectpk":253,"cmappk":0,"Population":0,"numchannels":1,"primarychannel":1,"url":"http://158.196.145.143:3005/ProjectBrowser/api/1.0/finishedMQR"}'
+ LOGFILE=/data1/bionano/share/jobs/116/log.json
+ ME=startMQR
+ source /home/bionano/tools/access/1.0/lib.sh
++ URL='http://158.196.145.143:3005/ProjectBrowser/api/1.0/finishedMQR"}'
++ URL=http://158.196.145.143:3005/ProjectBrowser/api/1.0/finishedMQR
++ export OMP_WAIT_POLICY=PASSIVE
++ OMP_WAIT_POLICY=PASSIVE
+++ date +%s
++ BEGINSEC=1563266391
+ export PATH=/home/bionano/tools/access/1.0/../../pipeline/1.0/RefAligner/1.0:/home/bionano/.nvm/versions/node/v8.9.4/bin:/opt/sge/bin:/opt/sge/bin/lx-amd64:/usr/lib64/qt-3.3/bin:/opt/sge/bin:/opt/sge/bin/lx-amd64:/tmp/24003.1.pipeline:/usr/local/bin:/bin:/usr/bin:/usr/local/sbin:/usr/sbin:/home/bionano/.local/bin:/home/bionano/bin
+ PATH=/home/bionano/tools/access/1.0/../../pipeline/1.0/RefAligner/1.0:/home/bionano/.nvm/versions/node/v8.9.4/bin:/opt/sge/bin:/opt/sge/bin/lx-amd64:/usr/lib64/qt-3.3/bin:/opt/sge/bin:/opt/sge/bin/lx-amd64:/tmp/24003.1.pipeline:/usr/local/bin:/bin:/usr/bin:/usr/local/sbin:/usr/sbin:/home/bionano/.local/bin:/home/bionano/bin
+ '[' -e /data1/bionano/share/jobs/116/Ex6_I_2x_Molecules_1_.bnx.gz ']'
+ check 'gunzip -c -f /data1/bionano/share/jobs/116/Ex6_I_2x_Molecules_1_.bnx.gz > /data1/bionano/compute/jobs/116/startMQR.190716103949492639694/Ex6_I_2x_Molecules_1_.bnx'
+ eval 'gunzip -c -f /data1/bionano/share/jobs/116/Ex6_I_2x_Molecules_1_.bnx.gz > /data1/bionano/compute/jobs/116/startMQR.190716103949492639694/Ex6_I_2x_Molecules_1_.bnx'
++ gunzip -c -f /data1/bionano/share/jobs/116/Ex6_I_2x_Molecules_1_.bnx.gz
+ RESULT=0
+ '[' 0 -ne 0 ']'
+ perl /home/bionano/tools/access/1.0/../../pipeline/1.0/cohortQC/1.0/MQR.pl -P /data1/bionano/compute/jobs/116/startMQR.190716103949492639694/snr.pdf -i /data1/bionano/compute/jobs/116/startMQR.190716103949492639694/Ex6_I_2x_Molecules_1_.bnx -j '[{"minLengthKb":150,"minLabels":9,"subSamplingRange":10000,"subSamplingSeed":17,"Population":0,"usechannel":1,"samplename":"Test","jobid":116,"RCmap":""}]' -o /data1/bionano/compute/jobs/116/startMQR.190716103949492639694
Use of uninitialized value in require at (eval 2) line 2.
Use of uninitialized value $recSite[0] in uc at /home/bionano/tools/access/1.0/../../pipeline/1.0/cohortQC/1.0/MQR.pl line 1136.
Use of uninitialized value $recSite[0] in uc at /home/bionano/tools/access/1.0/../../pipeline/1.0/cohortQC/1.0/MQR.pl line 1138.
Use of uninitialized value $recSite[0] in uc at /home/bionano/tools/access/1.0/../../pipeline/1.0/cohortQC/1.0/MQR.pl line 1140.
Use of uninitialized value $recSite[0] in uc at /home/bionano/tools/access/1.0/../../pipeline/1.0/cohortQC/1.0/MQR.pl line 1144.
Use of uninitialized value $color[0] in concatenation (.) or string at /home/bionano/tools/access/1.0/../../pipeline/1.0/cohortQC/1.0/MQR.pl line 1145.
+ '[' '' -eq 1 ']'
/data1/bionano/compute/jobs/116/startMQR.190716103949492639694/startMQR.job.sh: line 19: [: : integer expression expected
++ grep num_molecules /data1/bionano/compute/jobs/116/startMQR.190716103949492639694/Ex6_I_2x_Molecules_1__summary.txt
++ tr '\n' ' '
+ OUTPUT='[{"populationid":0,"quantity":29525496945.1,"mol_n_50":543055.9,"mol_n_50_ge_20kb":467785.9,"avg_mol_snr":9.93,"ave_mol_intensity":0.05,"avg_label_density":10.41,"ref_length":0,"bpp":0,"stretch_percent":0,"channelid":1,"scaling_sd":0,"relative_sd":0,"se":0,"sf":0,"sr":0,"num_maps":0,"num_goodmaps":0,"map_rate":0,"fp_per_100kb":0,"fp_rate":0,"fn_rate":0,"num_molecules":137937,"SNR_cutoff":0}] '
+ '[' -z '[{"populationid":0,"quantity":29525496945.1,"mol_n_50":543055.9,"mol_n_50_ge_20kb":467785.9,"avg_mol_snr":9.93,"ave_mol_intensity":0.05,"avg_label_density":10.41,"ref_length":0,"bpp":0,"stretch_percent":0,"channelid":1,"scaling_sd":0,"relative_sd":0,"se":0,"sf":0,"sr":0,"num_maps":0,"num_goodmaps":0,"map_rate":0,"fp_per_100kb":0,"fp_rate":0,"fn_rate":0,"num_molecules":137937,"SNR_cutoff":0}] ' ']'
+ cat /data1/bionano/compute/jobs/116/startMQR.190716103949492639694/Ex6_I_2x_Molecules_1__summary.txt
PROGRAM PARAMETERS
Input BNX file:	/data1/bionano/compute/jobs/116/startMQR.190716103949492639694/Ex6_I_2x_Molecules_1_.bnx
Output folder:	/data1/bionano/compute/jobs/116/startMQR.190716103949492639694
Minimum nicks in each channel of the molecule:	9
Minimum length of the molecule in kb:	150
SNR cutoff for channel 1:	2.5522

SUMMARY
Instrument SN:    B037
Chip SN:          12374
Run ID:           5/19/2016
Sample:           Test
Flowcell:         1
Total Scan Count: N/A
Job ID:           116
Job created on:   Tue Jul 16 10:39:52 2019
Total molecules in the input BNX:	137937

QC_RESULT
Number of molecules (filtered):	67317
Total molecule length (bp):	29525496945.10
Average molecule length (bp):	438603.87
Molecule length N50 (bp):	543055.90
Total DNA (>= 20 kbp):                  34.7102 Gbp 
N50 (>= 20 kbp):                        0.4678 Mbp
Total DNA (>= 150 kbp & minSites >= 9): 29.2251 Gbp 
N50 (>=150 kbp & minSites >= 9):        0.5464 Mbp
N Molecules (>= 20 kbp):	137937
N Molecules (>= 150 kbp):	67317
N Molecules (>= 150 kbp & minSite >= 9):	66163

Average label density for channel 1 (/100kb):	10.41
Average label SNR for channel 1:	9.73
Average molecule SNR for channel 1:	9.93
Average label intensity for channel 1:	0.05
Average molecule intensity for channel 1:	0.05

[{"populationid":0,"quantity":29525496945.1,"mol_n_50":543055.9,"mol_n_50_ge_20kb":467785.9,"avg_mol_snr":9.93,"ave_mol_intensity":0.05,"avg_label_density":10.41,"ref_length":0,"bpp":0,"stretch_percent":0,"channelid":1,"scaling_sd":0,"relative_sd":0,"se":0,"sf":0,"sr":0,"num_maps":0,"num_goodmaps":0,"map_rate":0,"fp_per_100kb":0,"fp_rate":0,"fn_rate":0,"num_molecules":137937,"SNR_cutoff":0}]
+ check 'cp '\''/data1/bionano/compute/jobs/116/startMQR.190716103949492639694'\''/*report.txt '\''/data1/bionano/share/jobs/116/.'\'''
+ eval 'cp '\''/data1/bionano/compute/jobs/116/startMQR.190716103949492639694'\''/*report.txt '\''/data1/bionano/share/jobs/116/.'\'''
++ cp /data1/bionano/compute/jobs/116/startMQR.190716103949492639694/Ex6_I_2x_Molecules_1__report.txt /data1/bionano/share/jobs/116/.
+ RESULT=0
+ '[' 0 -ne 0 ']'
+ message '{"subject":"startMQR","input":{"RCmap":"","jobpk":116,"objectpk":253,"cmappk":0,"Population":0,"numchannels":1,"primarychannel":1,"url":"http://158.196.145.143:3005/ProjectBrowser/api/1.0/finishedMQR"},"output":[{"populationid":0,"quantity":29525496945.1,"mol_n_50":543055.9,"mol_n_50_ge_20kb":467785.9,"avg_mol_snr":9.93,"ave_mol_intensity":0.05,"avg_label_density":10.41,"ref_length":0,"bpp":0,"stretch_percent":0,"channelid":1,"scaling_sd":0,"relative_sd":0,"se":0,"sf":0,"sr":0,"num_maps":0,"num_goodmaps":0,"map_rate":0,"fp_per_100kb":0,"fp_rate":0,"fn_rate":0,"num_molecules":137937,"SNR_cutoff":0}] }'
+ echo '{"subject":"startMQR","input":{"RCmap":"","jobpk":116,"objectpk":253,"cmappk":0,"Population":0,"numchannels":1,"primarychannel":1,"url":"http://158.196.145.143:3005/ProjectBrowser/api/1.0/finishedMQR"},"output":[{"populationid":0,"quantity":29525496945.1,"mol_n_50":543055.9,"mol_n_50_ge_20kb":467785.9,"avg_mol_snr":9.93,"ave_mol_intensity":0.05,"avg_label_density":10.41,"ref_length":0,"bpp":0,"stretch_percent":0,"channelid":1,"scaling_sd":0,"relative_sd":0,"se":0,"sf":0,"sr":0,"num_maps":0,"num_goodmaps":0,"map_rate":0,"fp_per_100kb":0,"fp_rate":0,"fn_rate":0,"num_molecules":137937,"SNR_cutoff":0}] }'
{"subject":"startMQR","input":{"RCmap":"","jobpk":116,"objectpk":253,"cmappk":0,"Population":0,"numchannels":1,"primarychannel":1,"url":"http://158.196.145.143:3005/ProjectBrowser/api/1.0/finishedMQR"},"output":[{"populationid":0,"quantity":29525496945.1,"mol_n_50":543055.9,"mol_n_50_ge_20kb":467785.9,"avg_mol_snr":9.93,"ave_mol_intensity":0.05,"avg_label_density":10.41,"ref_length":0,"bpp":0,"stretch_percent":0,"channelid":1,"scaling_sd":0,"relative_sd":0,"se":0,"sf":0,"sr":0,"num_maps":0,"num_goodmaps":0,"map_rate":0,"fp_per_100kb":0,"fp_rate":0,"fn_rate":0,"num_molecules":137937,"SNR_cutoff":0}] }
+ '[' -n /data1/bionano/share/jobs/116/log.json ']'
++ dirname /data1/bionano/share/jobs/116/log.json
+ mkdir -p /data1/bionano/share/jobs/116
+ echo '{"subject":"startMQR","input":{"RCmap":"","jobpk":116,"objectpk":253,"cmappk":0,"Population":0,"numchannels":1,"primarychannel":1,"url":"http://158.196.145.143:3005/ProjectBrowser/api/1.0/finishedMQR"},"output":[{"populationid":0,"quantity":29525496945.1,"mol_n_50":543055.9,"mol_n_50_ge_20kb":467785.9,"avg_mol_snr":9.93,"ave_mol_intensity":0.05,"avg_label_density":10.41,"ref_length":0,"bpp":0,"stretch_percent":0,"channelid":1,"scaling_sd":0,"relative_sd":0,"se":0,"sf":0,"sr":0,"num_maps":0,"num_goodmaps":0,"map_rate":0,"fp_per_100kb":0,"fp_rate":0,"fn_rate":0,"num_molecules":137937,"SNR_cutoff":0}] }'
+ '[' -n http://158.196.145.143:3005/ProjectBrowser/api/1.0/finishedMQR ']'
+ curl --insecure --max-time 60 -X POST -H 'Content-Type: application/json' -d '{"subject":"startMQR","input":{"RCmap":"","jobpk":116,"objectpk":253,"cmappk":0,"Population":0,"numchannels":1,"primarychannel":1,"url":"http://158.196.145.143:3005/ProjectBrowser/api/1.0/finishedMQR"},"output":[{"populationid":0,"quantity":29525496945.1,"mol_n_50":543055.9,"mol_n_50_ge_20kb":467785.9,"avg_mol_snr":9.93,"ave_mol_intensity":0.05,"avg_label_density":10.41,"ref_length":0,"bpp":0,"stretch_percent":0,"channelid":1,"scaling_sd":0,"relative_sd":0,"se":0,"sf":0,"sr":0,"num_maps":0,"num_goodmaps":0,"map_rate":0,"fp_per_100kb":0,"fp_rate":0,"fn_rate":0,"num_molecules":137937,"SNR_cutoff":0}] }' http://158.196.145.143:3005/ProjectBrowser/api/1.0/finishedMQR
  % Total    % Received % Xferd  Average Speed   Time    Time     Time  Current
                                 Dload  Upload   Total   Spent    Left  Speed

  0     0    0     0    0     0      0      0 --:--:-- --:--:-- --:--:--     0
100   628    0    21  100   607   6005   169k --:--:-- --:--:-- --:--:--  197k
posted finishedMQR OK+ ERRORS=0
+ ls -l /data1/bionano/compute/jobs/116/startMQR.190716103949492639694
total 96540
-rw-rw-r-- 1 bionano bionano 98838032 Jul 16 10:39 Ex6_I_2x_Molecules_1_.bnx
-rw-rw-r-- 1 bionano bionano     1644 Jul 16 10:39 Ex6_I_2x_Molecules_1__report.txt
-rw-rw-r-- 1 bionano bionano       18 Jul 16 10:39 Ex6_I_2x_Molecules_1__status.txt
-rw-rw-r-- 1 bionano bionano     1686 Jul 16 10:39 Ex6_I_2x_Molecules_1__summary.txt
-rwxrwxr-x 1 bionano bionano     2726 Jul 16 10:39 startMQR.job.sh
+ '[' 0 -eq 0 ']'
+ cd /data1/bionano/compute/jobs/116/startMQR.190716103949492639694/..
+ echo 'rm -rf /data1/bionano/compute/jobs/116/startMQR.190716103949492639694'
rm -rf /data1/bionano/compute/jobs/116/startMQR.190716103949492639694
+ elapsed
++ date +%s
+ ENDSEC=1563266396
++ expr 1563266396 - 1563266391
+ echo 'Elapsed time: 5 seconds'
Elapsed time: 5 seconds
+ BEGINSEC=1563266396
